[Scheduler] Running scheduled task
[2025-06-15 23:32:50] [34mINFO[0m  Compressing folders...
[2025-06-15 23:32:51] [32mOK[0m    Folders compressed successfully.
[2025-06-15 23:32:51] [34mINFO[0m  Uploading to storage...
[2025-06-15 23:32:58] [32mOK[0m    Upload completed.
[Scheduler] Running scheduled task
[2025-06-15 23:33:10] [34mINFO[0m  Compressing folders...
[2025-06-15 23:33:11] [32mOK[0m    Folders compressed successfully.
[2025-06-15 23:33:11] [34mINFO[0m  Uploading to storage...
[2025-06-15 23:33:22] [32mOK[0m    Upload completed.
[Scheduler] Running scheduled task
[2025-06-15 23:33:30] [34mINFO[0m  Compressing folders...
[2025-06-15 23:33:31] [32mOK[0m    Folders compressed successfully.
[2025-06-15 23:33:31] [34mINFO[0m  Uploading to storage...
[2025-06-15 23:33:39] [32mOK[0m    Upload completed.
[Scheduler] Running scheduled task
[2025-06-15 23:33:50] [34mINFO[0m  Compressing folders...
[2025-06-15 23:33:51] [32mOK[0m    Folders compressed successfully.
[2025-06-15 23:33:51] [34mINFO[0m  Uploading to storage...
[2025-06-15 23:33:58] [32mOK[0m    Upload completed.
[2025-06-15 23:37:48] [34mINFO[0m  Backup folders: [/home/aydin/Belgeler/go/password-manager/, /home/aydin/İndirilenler, /home/aydin/Belgeler/test, /home/aydin/Belgeler/test/worlds/, /home/aydin/Belgeler/test/plugins/]
[2025-06-15 23:37:48] [34mINFO[0m  Backup interval: 5 seconds
[Scheduler] Starting scheduled task immediately
[2025-06-15 23:37:51] [34mINFO[0m  Compressing folders...
[Scheduler] Running scheduled task
[2025-06-15 23:37:56] [34mINFO[0m  Compressing folders...
[2025-06-15 23:38:00] [32mOK[0m    Folders compressed successfully.
[2025-06-15 23:38:00] [34mINFO[0m  Uploading to storage...
[2025-06-15 23:38:06] [32mOK[0m    Folders compressed successfully.
[2025-06-15 23:38:06] [34mINFO[0m  Uploading to storage...
[2025-06-15 23:40:45] [34mINFO[0m  Backup folders: [/home/aydin/Belgeler/test/worlds/, /home/aydin/Belgeler/test/plugins/]
[2025-06-15 23:40:45] [34mINFO[0m  Backup interval: 3600 seconds
[Scheduler] Starting scheduled task immediately
[2025-06-15 23:40:47] [34mINFO[0m  Compressing folders...
[2025-06-15 23:40:49] [32mOK[0m    Folders compressed successfully.
[2025-06-15 23:40:49] [34mINFO[0m  Uploading to storage...
[2025-06-15 23:41:29] [32mOK[0m    Upload completed.
[2025-06-15 23:57:22] [34mINFO[0m  Backup folders: [/home/aydin/Belgeler/backup-test/]
[2025-06-15 23:57:22] [34mINFO[0m  Backup interval: 15 seconds
[Scheduler] Starting scheduled task immediately
[2025-06-15 23:57:24] [34mINFO[0m  Compressing folders...
[2025-06-15 23:57:24] [32mOK[0m    Folders compressed successfully.
[2025-06-15 23:57:24] [34mINFO[0m  Uploading to storage...
[2025-06-15 23:57:25] [32mOK[0m    Upload completed.
[Scheduler] Running scheduled task
[2025-06-15 23:57:39] [34mINFO[0m  Compressing folders...
[2025-06-15 23:57:39] [32mOK[0m    Folders compressed successfully.
[2025-06-15 23:57:39] [34mINFO[0m  Uploading to storage...
[2025-06-15 23:57:40] [32mOK[0m    Upload completed.
[Scheduler] Running scheduled task
[2025-06-15 23:57:54] [34mINFO[0m  Compressing folders...
[2025-06-15 23:57:54] [32mOK[0m    Folders compressed successfully.
[2025-06-15 23:57:54] [34mINFO[0m  Uploading to storage...
[2025-06-15 23:57:55] [32mOK[0m    Upload completed.
[Scheduler] Running scheduled task
[2025-06-15 23:58:09] [34mINFO[0m  Compressing folders...
[2025-06-15 23:58:09] [32mOK[0m    Folders compressed successfully.
[2025-06-15 23:58:09] [34mINFO[0m  Uploading to storage...
[2025-06-15 23:58:11] [32mOK[0m    Upload completed.
